<?xml version="1.0" encoding="UTF-8"?>
<beans xmlns="http://www.springframework.org/schema/beans"
       xmlns:xsi="http://www.w3.org/2001/XMLSchema-instance"
       xmlns:context="http://www.springframework.org/schema/context"
       xsi:schemaLocation="http://www.springframework.org/schema/beans http://www.springframework.org/schema/beans/spring-beans.xsd http://www.springframework.org/schema/context http://www.springframework.org/schema/context/spring-context.xsd">

    <bean id="massiveWsConfig" class="uk.ac.ebi.ddi.api.readers.massive.ws.client.MassiveWsConfigProd">
    </bean>
    <bean id="mwWsConfig" class="uk.ac.ebi.ddi.api.readers.mw.ws.client.MWWsConfigProd">
    </bean>
</beans>

