<?xml version="1.0" encoding="UTF-8"?>
<beans xmlns="http://www.springframework.org/schema/beans"
       xmlns:xsi="http://www.w3.org/2001/XMLSchema-instance"
       xmlns:context="http://www.springframework.org/schema/context"
       xsi:schemaLocation="http://www.springframework.org/schema/beans http://www.springframework.org/schema/beans/spring-beans.xsd http://www.springframework.org/schema/context http://www.springframework.org/schema/context/spring-context.xsd">

    <bean id="ebeyeWsConfig" class="uk.ac.ebi.ddi.ebe.ws.dao.config.EbeyeWsConfigProd">
    </bean>

    <bean id="ebeyeWsProd" class="uk.ac.ebi.ddi.ebe.ws.dao.config.EbeyeWsConfigProd"></bean>
    <bean id="archiveWsConfig" class="uk.ac.ebi.ddi.pride.web.service.config.ArchiveWsConfigProd">
    </bean>
    <bean id="mwWsConfig" class="uk.ac.ebi.ddi.gpmdb.extws.gpmdb.config.GPMDBWsConfigProd">
    </bean>

</beans>